Turbo Assembler	 Version 4.1	    09/10/24 17:00:41	    Page 1
lab.ASM



      1	0000			     .model small
      2	0000			     .stack 100h
      3	0000			     .data
      4	0000  D0 97 D0 B0 D0 BF	D1+  message db	'Запустите эту программу в отладчике', '$'
      5	      83 D1 81 D1 82 D0	B8+
      6	      D1 82 D0 B5 20 D1	8D+
      7	      D1 82 D1 83 20 D0	BF+
      8	      D1 80 D0 BE D0 B3	D1+
      9	      80 D0 B0 D0 BC D0	BC+
     10	      D1 83 20 D0 B2 20	D0+
     11	      BE D1 82 D0 BB D0	B0+
     12	      D0 B4 D1 87 D0 B8	D0+
     13	      BA D0 B5 24
     14	0043  FF		     perem_1 db	0ffh
     15	0044  3A7F		     perem_2 dw	3a7fh
     16	0046  F54D567A		     perem_3 dd	0f54d567ah
     17	004A  0A*(20)		     mas db 10 dup (' ')
     18	0054  05*(??)		     pole_1 db 5 dup (?)
     19	0059  0046r		     adr dw perem_3
     20	005B  00000046sr	     adr_full dd perem_3
     21	005F  0B 22 2D 17	     numbers db	11, 34,	45, 23
     22	0063  D0 9A D0 BE D0 BD	D0+  fin db 'Конец	сегмента данных программы $'
     23	      B5 D1 86 20 D1 81	D0+
     24	      B5 D0 B3 D0 BC D0	B5+
     25	      D0 BD D1 82 D0 B0	20+
     26	      D0 B4 D0 B0 D0 BD	D0+
     27	      BD D1 8B D1 85 20	D0+
     28	      BF D1 80 D0 BE D0	B3+
     29	      D1 80 D0 B0 D0 BC	D0+
     30	      BC D1 8B 20 24
     31	00A0			     .code
     32	0000			     start:
     33	0000  B8 0000s			     mov ax, @data
     34	0003  8E D8			     mov ds, ax
     35	0005  B4 09			     mov ah, 09h
     36	0007  BA 0000r			     mov dx, offset message
     37	000A  CD 21			     int 21h
     38	000C  B4 07			     mov ah, 7h
     39	000E  CD 21			     int 21h
     40	0010  B8 4C00			     mov ax, 4c00h
     41	0013  CD 21			     int 21h
     42				     end start
